2025-10-21 17:38:21.537: [INFO] VisibilityChanged: 0
2025-10-21 17:38:21.608: [INFO] RecordSyncInitDuration has_sync_been_enabled: 0 state: 0
2025-10-21 17:38:21.610: [INFO] RecordSyncInitDuration has_sync_been_enabled: 0 state: 0
2025-10-21 17:38:21.613: [INFO] RecordSyncInitDuration has_sync_been_enabled: 0 state: 0
2025-10-21 17:38:21.616: [INFO] RecordSyncInitDuration has_sync_been_enabled: 0 state: 0
2025-10-21 17:38:21.619: [INFO] RecordSyncInitDuration has_sync_been_enabled: 0 state: 0
2025-10-21 17:38:21.621: [INFO] RecordSyncInitDuration has_sync_been_enabled: 0 state: 0
2025-10-21 17:38:21.624: [INFO] RecordSyncInitDuration has_sync_been_enabled: 0 state: 0
2025-10-21 17:38:21.626: [INFO] RecordSyncInitDuration has_sync_been_enabled: 0 state: 0
2025-10-21 17:38:21.629: [INFO] RecordSyncInitDuration has_sync_been_enabled: 0 state: 0
2025-10-21 17:38:21.632: [INFO] RecordSyncInitDuration has_sync_been_enabled: 0 state: 0
2025-10-21 17:38:21.635: [INFO] RecordSyncInitDuration has_sync_been_enabled: 0 state: 0
2025-10-21 17:38:21.650: [INFO] BookmarkModelLoaded, ids_reassigned: 0
2025-10-21 17:38:21.650: [INFO] OnDoneLoading sync enabled: 0
2025-10-21 17:38:21.727: [INFO] RecordSyncInitDuration has_sync_been_enabled: 0 state: 0
2025-10-21 17:38:23.134: [INFO] RecordSyncInitDuration has_sync_been_enabled: 0 state: 3
2025-10-21 17:38:23.140: [INFO] Primary account changed.
2025-10-21 17:38:23.140: [INFO] OnPrimaryAccountChanged PrimaryAccountChangeEvent::Type::kSet
2025-10-21 17:38:23.149: [INFO] RecordSyncInitDuration has_sync_been_enabled: 0 state: 3
2025-10-21 17:38:35.723: [INFO] Sync initialization duration: 11697ms
