{"logTime": "1021/173828", "correlationVector":"6Q733HxI1VURvsl4DE7I5v.1","action":"SyncServerConnectionManagerRequest", "result":"SYNC_SERVER_OK", "context":{"environment":"Prod_francecentral_prod-s01-062-eur-francecentral", "migrationStage":"NotStarted", "server":"akswtt10500000a"}}
{"logTime": "1021/173828", "correlationVector":"6Q733HxI1VURvsl4DE7I5v.2","action":"ProcessGetUpdates", "result":"Done", "context":{"dataType":"Encryption Keys", "deleted":"0", "process_failed_to_decrypt":"0", "process_pending_decryption":"0", "process_success":"1", "total":"1"}}
{"logTime": "1021/173829", "correlationVector":"AxEAUR1T0TCqquuh4fV7je","action":"SyncServerConnectionManagerRequest", "result":"SYNC_SERVER_OK", "context":{"environment":"", "migrationStage":"", "server":""}}
{"logTime": "1021/173829", "correlationVector":"AxEAUR1T0TCqquuh4fV7je.0","action":"EncryptionKeysFetcher.DownloadKeys:", "result":"Success", "context":Key count: 6, Last key timestamp: 2025-06-14T07:05:04Z}
{"logTime": "1021/173829", "correlationVector":"AxEAUR1T0TCqquuh4fV7je.1","action":"EncryptionKeysManager::SetEncryptionKeys:", "result":"Success", "context":Key names[6]:[qFlYB27luphv9vdfBxqw5hn+gFy8sUIER9un0q7KArAF8J3hJMx1186yelU2vpAgcH5JZfp6N67Eqj2lNsTY2w==][wOIkySEr6XzFY6nVeDl+TnVRUHwk33Hq1U36wLN/TsO1UNOUdh+iWo/jgEmhJFz3EWpmNYw+BLFmrybpb6EhwA==][Dz8ofeK13uhW23l0015zY7p+pVng+QVnRTX/i30NsF82mnA40iuWXZNK+nWVsLpI4rvQL7/7B3nSRHbW6RwulQ==][3JGZfJNIYGphw3N41M3n68YciY1VcuErMUzkFYp6B1GRkU/pT5YrJRiZ8mZY04IghOJTWFw6aw/6zc05T58M+Q==][rbq+t6Xwwk5BxRCuSYnRw0eTiFv6jRqk3r2NEkYjKSasWnjbhURyMZA/bImxXwdPLS6yWvOwBUqeZqScrvGReg==][IixG4BKNtWspgpSel0bYPdqAvR1tBRR3qVe4mNCTa8uRU06XzTK2+z5VJpqC6ic2qEmmTaPbkL52d16P/rG1Fg==]}
{"logTime": "1021/173829", "correlationVector":"AxEAUR1T0TCqquuh4fV7je.2","action":"EncryptionKeysManager::SetEncryptionKeysWithTimestamps:", "result":"Success", "context":Key timestamps[6]:[2021-11-08T09:52:55Z][2023-05-27T06:40:07Z][2023-11-25T14:20:01Z][2024-06-04T06:58:17Z][2024-12-02T09:25:16Z][2025-06-14T07:05:04Z]}
{"logTime": "1021/173829", "correlationVector":"6Q733HxI1VURvsl4DE7I5v","action":"Initial GetUpdates", "result":"", "context":Reason: NEW_CLIENT. cV=6Q733HxI1VURvsl4DE7I5v}
{"logTime": "1021/173829", "correlationVector":"6Q733HxI1VURvsl4DE7I5v.3","action":"GetUpdates Response", "result":"Success", "context":Received 1 update(s). cV=6Q733HxI1VURvsl4DE7I5v.0;server=akswtt10500000a;cloudType=Consumer;environment=Prod_francecentral_prod-s01-062-eur-francecentral;migrationStage=NotStarted}
{"logTime": "1021/173829", "correlationVector":"KsTypUtnw+MtNIVBjbLwLj","action":"Initial GetUpdates", "result":"", "context":Reason: NEWLY_SUPPORTED_DATATYPE. cV=KsTypUtnw+MtNIVBjbLwLj}
{"logTime": "1021/173830", "correlationVector":"KsTypUtnw+MtNIVBjbLwLj.1","action":"SyncServerConnectionManagerRequest", "result":"SYNC_SERVER_OK", "context":{"environment":"Prod_francecentral_prod-s01-062-eur-francecentral", "migrationStage":"NotStarted", "server":"akswtt10500000y"}}
{"logTime": "1021/173830", "correlationVector":"KsTypUtnw+MtNIVBjbLwLj.2","action":"ProcessGetUpdates", "result":"Done", "context":{"dataType":"Preferences", "deleted":"0", "process_failed_to_decrypt":"0", "process_pending_decryption":"0", "process_success":"65", "total":"65"}}
{"logTime": "1021/173830", "correlationVector":"KsTypUtnw+MtNIVBjbLwLj.3","action":"ProcessGetUpdates", "result":"Done", "context":{"dataType":"Passwords", "deleted":"0", "process_failed_to_decrypt":"0", "process_pending_decryption":"0", "process_success":"87", "total":"87"}}
{"logTime": "1021/173830", "correlationVector":"KsTypUtnw+MtNIVBjbLwLj.4","action":"ProcessGetUpdates", "result":"Done", "context":{"dataType":"Device Info", "deleted":"0", "process_failed_to_decrypt":"0", "process_pending_decryption":"0", "process_success":"10", "total":"10"}}
{"logTime": "1021/173830", "correlationVector":"KsTypUtnw+MtNIVBjbLwLj.5","action":"GetUpdates Response", "result":"Success", "context":Received 162 update(s). cV=KsTypUtnw+MtNIVBjbLwLj.0;server=akswtt10500000y;cloudType=Consumer;environment=Prod_francecentral_prod-s01-062-eur-francecentral;migrationStage=NotStarted}
{"logTime": "1021/173830", "correlationVector":"fr+pYIz782+5q2HUsczkcn","action":"Initial GetUpdates", "result":"", "context":Reason: NEWLY_SUPPORTED_DATATYPE. cV=fr+pYIz782+5q2HUsczkcn}
{"logTime": "1021/173831", "correlationVector":"fr+pYIz782+5q2HUsczkcn.1","action":"SyncServerConnectionManagerRequest", "result":"SYNC_SERVER_OK", "context":{"environment":"Prod_francecentral_prod-s01-062-eur-francecentral", "migrationStage":"NotStarted", "server":"akswtt105000000"}}
{"logTime": "1021/173831", "correlationVector":"fr+pYIz782+5q2HUsczkcn.2","action":"ProcessGetUpdates", "result":"Done", "context":{"dataType":"Bookmarks", "deleted":"0", "process_failed_to_decrypt":"0", "process_pending_decryption":"0", "process_success":"6", "total":"6"}}
{"logTime": "1021/173831", "correlationVector":"fr+pYIz782+5q2HUsczkcn.3","action":"GetUpdates Response", "result":"Success", "context":Received 6 update(s). cV=fr+pYIz782+5q2HUsczkcn.0;server=akswtt105000000;cloudType=Consumer;environment=Prod_francecentral_prod-s01-062-eur-francecentral;migrationStage=NotStarted}
{"logTime": "1021/173831", "correlationVector":"5gkF3lN3UVj6AkpO9SQeDb","action":"Initial GetUpdates", "result":"", "context":Reason: NEWLY_SUPPORTED_DATATYPE. cV=5gkF3lN3UVj6AkpO9SQeDb}
{"logTime": "1021/173833", "correlationVector":"5gkF3lN3UVj6AkpO9SQeDb.1","action":"SyncServerConnectionManagerRequest", "result":"SYNC_SERVER_OK", "context":{"environment":"Prod_francecentral_prod-s01-062-eur-francecentral", "migrationStage":"NotStarted", "server":"akswtt10500000o"}}
{"logTime": "1021/173833", "correlationVector":"5gkF3lN3UVj6AkpO9SQeDb.2","action":"ProcessGetUpdates", "result":"Done", "context":{"dataType":"Autofill Profiles", "deleted":"0", "process_failed_to_decrypt":"0", "process_pending_decryption":"0", "process_success":"1", "total":"1"}}
{"logTime": "1021/173833", "correlationVector":"5gkF3lN3UVj6AkpO9SQeDb.3","action":"ProcessGetUpdates", "result":"Done", "context":{"dataType":"Autofill", "deleted":"0", "process_failed_to_decrypt":"0", "process_pending_decryption":"0", "process_success":"248", "total":"248"}}
{"logTime": "1021/173833", "correlationVector":"5gkF3lN3UVj6AkpO9SQeDb.4","action":"ProcessGetUpdates", "result":"Done", "context":{"dataType":"Extensions", "deleted":"0", "process_failed_to_decrypt":"0", "process_pending_decryption":"0", "process_success":"1", "total":"1"}}
{"logTime": "1021/173833", "correlationVector":"5gkF3lN3UVj6AkpO9SQeDb.5","action":"GetUpdates Response", "result":"Success", "context":Received 250 update(s). cV=5gkF3lN3UVj6AkpO9SQeDb.0;server=akswtt10500000o;cloudType=Consumer;environment=Prod_francecentral_prod-s01-062-eur-francecentral;migrationStage=NotStarted Some updates remain.}
{"logTime": "1021/173833", "correlationVector":"tAuaTiwV85Dbi6GHwPe1gX","action":"Initial GetUpdates", "result":"", "context":Reason: NEWLY_SUPPORTED_DATATYPE. cV=tAuaTiwV85Dbi6GHwPe1gX}
{"logTime": "1021/173834", "correlationVector":"tAuaTiwV85Dbi6GHwPe1gX.1","action":"SyncServerConnectionManagerRequest", "result":"SYNC_SERVER_OK", "context":{"environment":"Prod_francecentral_prod-s01-062-eur-francecentral", "migrationStage":"NotStarted", "server":"akswtt10500000s"}}
{"logTime": "1021/173834", "correlationVector":"tAuaTiwV85Dbi6GHwPe1gX.2","action":"ProcessGetUpdates", "result":"Done", "context":{"dataType":"Autofill", "deleted":"0", "process_failed_to_decrypt":"0", "process_pending_decryption":"0", "process_success":"250", "total":"250"}}
{"logTime": "1021/173834", "correlationVector":"tAuaTiwV85Dbi6GHwPe1gX.3","action":"GetUpdates Response", "result":"Success", "context":Received 250 update(s). cV=tAuaTiwV85Dbi6GHwPe1gX.0;server=akswtt10500000s;cloudType=Consumer;environment=Prod_francecentral_prod-s01-062-eur-francecentral;migrationStage=NotStarted Some updates remain.}
{"logTime": "1021/173834", "correlationVector":"ockh1vXldfRXAZ5dP2Qjb6","action":"Initial GetUpdates", "result":"", "context":Reason: NEWLY_SUPPORTED_DATATYPE. cV=ockh1vXldfRXAZ5dP2Qjb6}
{"logTime": "1021/173835", "correlationVector":"ockh1vXldfRXAZ5dP2Qjb6.1","action":"SyncServerConnectionManagerRequest", "result":"SYNC_SERVER_OK", "context":{"environment":"Prod_francecentral_prod-s01-062-eur-francecentral", "migrationStage":"NotStarted", "server":"akswtt105000003"}}
{"logTime": "1021/173835", "correlationVector":"ockh1vXldfRXAZ5dP2Qjb6.2","action":"ProcessGetUpdates", "result":"Done", "context":{"dataType":"Autofill", "deleted":"0", "process_failed_to_decrypt":"0", "process_pending_decryption":"0", "process_success":"250", "total":"250"}}
{"logTime": "1021/173835", "correlationVector":"ockh1vXldfRXAZ5dP2Qjb6.3","action":"GetUpdates Response", "result":"Success", "context":Received 250 update(s). cV=ockh1vXldfRXAZ5dP2Qjb6.0;server=akswtt105000003;cloudType=Consumer;environment=Prod_francecentral_prod-s01-062-eur-francecentral;migrationStage=NotStarted Some updates remain.}
{"logTime": "1021/173835", "correlationVector":"eCF+VAOSI0xeRBs8JDo5Pq","action":"Initial GetUpdates", "result":"", "context":Reason: NEWLY_SUPPORTED_DATATYPE. cV=eCF+VAOSI0xeRBs8JDo5Pq}
{"logTime": "1021/173835", "correlationVector":"eCF+VAOSI0xeRBs8JDo5Pq.1","action":"SyncServerConnectionManagerRequest", "result":"SYNC_SERVER_OK", "context":{"environment":"Prod_francecentral_prod-s01-062-eur-francecentral", "migrationStage":"NotStarted", "server":"akswtt10500000s"}}
{"logTime": "1021/173835", "correlationVector":"eCF+VAOSI0xeRBs8JDo5Pq.2","action":"ProcessGetUpdates", "result":"Done", "context":{"dataType":"Autofill Profiles", "deleted":"17", "process_failed_to_decrypt":"0", "process_pending_decryption":"0", "process_success":"34", "total":"34"}}
{"logTime": "1021/173835", "correlationVector":"eCF+VAOSI0xeRBs8JDo5Pq.3","action":"ProcessGetUpdates", "result":"Done", "context":{"dataType":"Autofill", "deleted":"0", "process_failed_to_decrypt":"0", "process_pending_decryption":"0", "process_success":"25", "total":"25"}}
{"logTime": "1021/173835", "correlationVector":"eCF+VAOSI0xeRBs8JDo5Pq.4","action":"ProcessGetUpdates", "result":"Done", "context":{"dataType":"Sessions", "deleted":"40", "process_failed_to_decrypt":"0", "process_pending_decryption":"0", "process_success":"46", "total":"46"}}
{"logTime": "1021/173835", "correlationVector":"eCF+VAOSI0xeRBs8JDo5Pq.5","action":"ProcessGetUpdates", "result":"Done", "context":{"dataType":"Web Apps", "deleted":"1", "process_failed_to_decrypt":"0", "process_pending_decryption":"0", "process_success":"1", "total":"1"}}
{"logTime": "1021/173835", "correlationVector":"eCF+VAOSI0xeRBs8JDo5Pq.6","action":"ProcessGetUpdates", "result":"Done", "context":{"dataType":"Edge Hub App Usage", "deleted":"8", "process_failed_to_decrypt":"0", "process_pending_decryption":"0", "process_success":"31", "total":"31"}}
{"logTime": "1021/173835", "correlationVector":"eCF+VAOSI0xeRBs8JDo5Pq.7","action":"GetUpdates Response", "result":"Success", "context":Received 137 update(s). cV=eCF+VAOSI0xeRBs8JDo5Pq.0;server=akswtt10500000s;cloudType=Consumer;environment=Prod_francecentral_prod-s01-062-eur-francecentral;migrationStage=NotStarted}
{"logTime": "1021/173835", "correlationVector":"O1ALucL4IHZtstyeiPVYNW","action":"Initial GetUpdates", "result":"", "context":Reason: NEWLY_SUPPORTED_DATATYPE. cV=O1ALucL4IHZtstyeiPVYNW}
{"logTime": "1021/173836", "correlationVector":"O1ALucL4IHZtstyeiPVYNW.1","action":"SyncServerConnectionManagerRequest", "result":"SYNC_SERVER_OK", "context":{"environment":"Prod_francecentral_prod-s01-062-eur-francecentral", "migrationStage":"NotStarted", "server":"akswtt105000009"}}
{"logTime": "1021/173836", "correlationVector":"O1ALucL4IHZtstyeiPVYNW.2","action":"ProcessGetUpdates", "result":"Done", "context":{"dataType":"History", "deleted":"0", "process_failed_to_decrypt":"0", "process_pending_decryption":"0", "process_success":"109", "total":"109"}}
{"logTime": "1021/173836", "correlationVector":"O1ALucL4IHZtstyeiPVYNW.3","action":"GetUpdates Response", "result":"Success", "context":Received 109 update(s). cV=O1ALucL4IHZtstyeiPVYNW.0;server=akswtt105000009;cloudType=Consumer;environment=Prod_francecentral_prod-s01-062-eur-francecentral;migrationStage=NotStarted}
{"logTime": "1021/173836", "correlationVector":"SO0YqRxb4XLIdpd6NF9WYC","action":"Normal GetUpdate request", "result":"", "context":cV=SO0YqRxb4XLIdpd6NF9WYC
Nudged types: Sessions, Device Info, User Consents
Refresh requested types: Bookmarks, Preferences, Passwords, Autofill Profiles, Autofill, Extensions, Sessions, Extension settings, History Delete Directives, Device Info, User Consents, Send Tab To Self, Web Apps, History, Saved Tab Group, WebAuthn Credentials, Collection, Edge E Drop, Edge Hub App Usage, Edge Wallet, Encryption Keys}
{"logTime": "1021/173836", "correlationVector":"SO0YqRxb4XLIdpd6NF9WYC.1","action":"SyncServerConnectionManagerRequest", "result":"SYNC_SERVER_OK", "context":{"environment":"Prod_francecentral_prod-s01-062-eur-francecentral", "migrationStage":"NotStarted", "server":"akswtt105000000"}}
{"logTime": "1021/173836", "correlationVector":"SO0YqRxb4XLIdpd6NF9WYC.2","action":"GetUpdates Response", "result":"Success", "context":Received 0 update(s). cV=SO0YqRxb4XLIdpd6NF9WYC.0;server=akswtt105000000;cloudType=Consumer;environment=Prod_francecentral_prod-s01-062-eur-francecentral;migrationStage=NotStarted}
{"logTime": "1021/173836", "correlationVector":"rgxwKpKG86JUxLXmsp4S4Z","action":"DoCompareDataConsistency requsted types: ", "result":"Bookmarks, Preferences, Passwords, Extensions, Extension settings, History Delete Directives, Send Tab To Self, Web Apps, History, Saved Tab Group, WebAuthn Credentials, Collection, Edge E Drop, Edge Wallet, Encryption Keys"}
{"logTime": "1021/173836", "correlationVector":"rgxwKpKG86JUxLXmsp4S4Z.0","action":"CompareDataConsistency result: ", "result":"Compare result: Encryption Keys is consistent. local entities count is: 1 local entities hash is: 78iXd14pwj2UHK7A/fz8vbUZi9A="}
{"logTime": "1021/173836", "correlationVector":"rgxwKpKG86JUxLXmsp4S4Z.1","action":"CompareDataConsistency result: ", "result":"Compare result: Bookmarks is consistent. local entities count is: 0 local entities hash is: "}
{"logTime": "1021/173836", "correlationVector":"rgxwKpKG86JUxLXmsp4S4Z.2","action":"CompareDataConsistency result: ", "result":"Compare result: Preferences is consistent. local entities count is: 65 local entities hash is: D/FbL/zkFnAKUwpnS29QajcF9Wg="}
{"logTime": "1021/173836", "correlationVector":"rgxwKpKG86JUxLXmsp4S4Z.3","action":"CompareDataConsistency result: ", "result":"Compare result: Extensions is consistent. local entities count is: 1 local entities hash is: DLAVYZywaYBea4im20xgr42OKJ4="}
{"logTime": "1021/173836", "correlationVector":"rgxwKpKG86JUxLXmsp4S4Z.4","action":"CompareDataConsistency result: ", "result":"Compare result: Extension settings is consistent. local entities count is: 0 local entities hash is: "}
{"logTime": "1021/173836", "correlationVector":"rgxwKpKG86JUxLXmsp4S4Z.5","action":"CompareDataConsistency result: ", "result":"Compare result: History Delete Directives is consistent. local entities count is: 0 local entities hash is: "}
{"logTime": "1021/173836", "correlationVector":"rgxwKpKG86JUxLXmsp4S4Z.6","action":"CompareDataConsistency result: ", "result":"Server did not send this Send Tab To Self local entities count is: 0 local entities hash is: "}
{"logTime": "1021/173836", "correlationVector":"rgxwKpKG86JUxLXmsp4S4Z.7","action":"CompareDataConsistency result: ", "result":"Compare result: Web Apps is consistent. local entities count is: 0 local entities hash is: "}
{"logTime": "1021/173836", "correlationVector":"rgxwKpKG86JUxLXmsp4S4Z.8","action":"CompareDataConsistency result: ", "result":"Server did not send this History local entities count is: 0 local entities hash is: "}
{"logTime": "1021/173836", "correlationVector":"rgxwKpKG86JUxLXmsp4S4Z.9","action":"CompareDataConsistency result: ", "result":"Compare result: Saved Tab Group is consistent. local entities count is: 0 local entities hash is: "}
{"logTime": "1021/173836", "correlationVector":"rgxwKpKG86JUxLXmsp4S4Z.10","action":"CompareDataConsistency result: ", "result":"Server did not send this WebAuthn Credentials local entities count is: 0 local entities hash is: "}
{"logTime": "1021/173836", "correlationVector":"rgxwKpKG86JUxLXmsp4S4Z.11","action":"CompareDataConsistency result: ", "result":"Compare result: Collection is consistent. local entities count is: 0 local entities hash is: "}
{"logTime": "1021/173836", "correlationVector":"rgxwKpKG86JUxLXmsp4S4Z.12","action":"CompareDataConsistency result: ", "result":"Compare result: Edge E Drop is consistent. local entities count is: 0 local entities hash is: "}
{"logTime": "1021/173836", "correlationVector":"rgxwKpKG86JUxLXmsp4S4Z.13","action":"CompareDataConsistency result: ", "result":"Compare result: Edge Wallet is consistent. local entities count is: 0 local entities hash is: "}
{"logTime": "1021/173836", "correlationVector":"rgxwKpKG86JUxLXmsp4S4Z.14","action":"CompareDataConsistency result: ", "result":"Compare result: Passwords is consistent. local entities count is: 87 local entities hash is: C9KbO6rwURJ8MowgkGA/AeH/H5I="}
{"logTime": "1021/173836", "correlationVector":"owHxQXF6GwJcLbGR/dqPLr","action":"Commit Request", "result":"", "context":Item count: 5
Contributing types: Sessions, Device Info, User Consents}
{"logTime": "1021/173838", "correlationVector":"owHxQXF6GwJcLbGR/dqPLr.1","action":"SyncServerConnectionManagerRequest", "result":"SYNC_SERVER_OK", "context":{"environment":"Prod_francecentral_prod-s01-062-eur-francecentral", "migrationStage":"NotStarted", "server":"akswtt105000009"}}
{"logTime": "1021/173838", "correlationVector":"owHxQXF6GwJcLbGR/dqPLr.2","action":"Commit Response", "result":"Success", "context":Result: Success. cV=owHxQXF6GwJcLbGR/dqPLr.0;server=akswtt105000009;cloudType=Consumer;environment=Prod_francecentral_prod-s01-062-eur-francecentral;migrationStage=NotStarted}
{"logTime": "1021/173838", "correlationVector":"","action":"DIAGNOSTIC_REQUEST|v1/diagnosticData/Diagnostic.SendCheckResult()|SUCCESS", "result":""}
{"logTime": "1021/173853", "correlationVector":"GkSeT/6TANj/swS12hKd7E","action":"Commit Request", "result":"", "context":Item count: 3
Contributing types: Preferences, Sessions, History}
{"logTime": "1021/173853", "correlationVector":"GkSeT/6TANj/swS12hKd7E.1","action":"SyncServerConnectionManagerRequest", "result":"SYNC_SERVER_OK", "context":{"environment":"Prod_francecentral_prod-s01-062-eur-francecentral", "migrationStage":"NotStarted", "server":"akswtt105000003"}}
{"logTime": "1021/173853", "correlationVector":"GkSeT/6TANj/swS12hKd7E.2","action":"Commit Response", "result":"Success", "context":Result: Success. cV=GkSeT/6TANj/swS12hKd7E.0;server=akswtt105000003;cloudType=Consumer;environment=Prod_francecentral_prod-s01-062-eur-francecentral;migrationStage=NotStarted}
{"logTime": "1021/173921", "correlationVector":"8HU95uiUE/yFk1zO3Gk+16","action":"Commit Request", "result":"", "context":Item count: 9
Contributing types: Passwords}
{"logTime": "1021/173922", "correlationVector":"8HU95uiUE/yFk1zO3Gk+16.1","action":"SyncServerConnectionManagerRequest", "result":"SYNC_SERVER_OK", "context":{"environment":"Prod_francecentral_prod-s01-062-eur-francecentral", "migrationStage":"NotStarted", "server":"akswtt10500000w"}}
{"logTime": "1021/173922", "correlationVector":"8HU95uiUE/yFk1zO3Gk+16.2","action":"Commit Response", "result":"Success", "context":Result: Success. cV=8HU95uiUE/yFk1zO3Gk+16.0;server=akswtt10500000w;cloudType=Consumer;environment=Prod_francecentral_prod-s01-062-eur-francecentral;migrationStage=NotStarted}
